[14-Aug-2023 07:27:57 UTC] Xdebug: [Step Debug] Time-out connecting to debugging client, waited: 200 ms. Tried: localhost:9003 (through xdebug.client_host/xdebug.client_port).
[14-Aug-2023 07:27:57 UTC] Xdebug: [Step Debug] Time-out connecting to debugging client, waited: 200 ms. Tried: localhost:9003 (through xdebug.client_host/xdebug.client_port).
[14-Aug-2023 07:27:58 UTC] Xdebug: [Step Debug] Time-out connecting to debugging client, waited: 200 ms. Tried: localhost:9003 (through xdebug.client_host/xdebug.client_port).
[14-Aug-2023 07:38:50 UTC] Xdebug: [Step Debug] Time-out connecting to debugging client, waited: 200 ms. Tried: localhost:9003 (through xdebug.client_host/xdebug.client_port).
[14-Aug-2023 07:38:51 UTC] Xdebug: [Step Debug] Time-out connecting to debugging client, waited: 200 ms. Tried: localhost:9003 (through xdebug.client_host/xdebug.client_port).
[14-Aug-2023 07:41:53 UTC] Xdebug: [Step Debug] Time-out connecting to debugging client, waited: 200 ms. Tried: localhost:9003 (through xdebug.client_host/xdebug.client_port).
[14-Aug-2023 07:41:53 UTC] Xdebug: [Step Debug] Time-out connecting to debugging client, waited: 200 ms. Tried: localhost:9003 (through xdebug.client_host/xdebug.client_port).
[14-Aug-2023 07:41:53 UTC] PHP Fatal error:  Uncaught Error: Undefined constant "Persona" in F:\Lavoro\Insegnamento Programmazione\Live Coding\PHP\php-oop\index.php:14
Stack trace:
#0 {main}
  thrown in F:\Lavoro\Insegnamento Programmazione\Live Coding\PHP\php-oop\index.php on line 14
[14-Aug-2023 07:42:20 UTC] Xdebug: [Step Debug] Time-out connecting to debugging client, waited: 200 ms. Tried: localhost:9003 (through xdebug.client_host/xdebug.client_port).
[14-Aug-2023 07:42:20 UTC] Xdebug: [Step Debug] Time-out connecting to debugging client, waited: 200 ms. Tried: localhost:9003 (through xdebug.client_host/xdebug.client_port).
[14-Aug-2023 07:42:20 UTC] PHP Fatal error:  Uncaught Error: Undefined constant "Persona" in F:\Lavoro\Insegnamento Programmazione\Live Coding\PHP\php-oop\index.php:16
Stack trace:
#0 {main}
  thrown in F:\Lavoro\Insegnamento Programmazione\Live Coding\PHP\php-oop\index.php on line 16
[14-Aug-2023 07:52:05 UTC] Xdebug: [Step Debug] Time-out connecting to debugging client, waited: 200 ms. Tried: localhost:9003 (through xdebug.client_host/xdebug.client_port).
[14-Aug-2023 07:52:05 UTC] Xdebug: [Step Debug] Time-out connecting to debugging client, waited: 200 ms. Tried: localhost:9003 (through xdebug.client_host/xdebug.client_port).
[14-Aug-2023 07:52:14 UTC] Xdebug: [Step Debug] Time-out connecting to debugging client, waited: 200 ms. Tried: localhost:9003 (through xdebug.client_host/xdebug.client_port).
[14-Aug-2023 07:52:15 UTC] Xdebug: [Step Debug] Time-out connecting to debugging client, waited: 200 ms. Tried: localhost:9003 (through xdebug.client_host/xdebug.client_port).
[14-Aug-2023 07:52:30 UTC] Xdebug: [Step Debug] Time-out connecting to debugging client, waited: 200 ms. Tried: localhost:9003 (through xdebug.client_host/xdebug.client_port).
[14-Aug-2023 07:52:31 UTC] Xdebug: [Step Debug] Time-out connecting to debugging client, waited: 200 ms. Tried: localhost:9003 (through xdebug.client_host/xdebug.client_port).
[14-Aug-2023 07:58:19 UTC] Xdebug: [Step Debug] Time-out connecting to debugging client, waited: 200 ms. Tried: localhost:9003 (through xdebug.client_host/xdebug.client_port).
[14-Aug-2023 07:58:19 UTC] Xdebug: [Step Debug] Time-out connecting to debugging client, waited: 200 ms. Tried: localhost:9003 (through xdebug.client_host/xdebug.client_port).
